
Rebuilding...
CssSyntaxError: tailwindcss: D:\eclassroom_day2\frontend\src\index.css:87:5: The `hover:bg-primary/90` class does not exist. If `hover:bg-primary/90` is a custom class, make sure it is defined within a `@layer` directive.
    at Input.error (D:\eclassroom_day2\frontend\node_modules\postcss\lib\input.js:135:16)
    at AtRule.error (D:\eclassroom_day2\frontend\node_modules\postcss\lib\node.js:146:32)
    at processApply (D:\eclassroom_day2\frontend\node_modules\tailwindcss\lib\lib\expandApplyAtRules.js:380:29)
    at D:\eclassroom_day2\frontend\node_modules\tailwindcss\lib\lib\expandApplyAtRules.js:551:9
    at D:\eclassroom_day2\frontend\node_modules\tailwindcss\lib\processTailwindFeatures.js:55:50
    at async Object.Once (D:\eclassroom_day2\frontend\node_modules\tailwindcss\lib\cli\build\plugin.js:248:17)
    at async LazyResult.runAsync (D:\eclassroom_day2\frontend\node_modules\postcss\lib\lazy-result.js:293:11)
    at async build (D:\eclassroom_day2\frontend\node_modules\tailwindcss\lib\cli\build\index.js:49:9) {
  reason: 'The `hover:bg-primary/90` class does not exist. If `hover:bg-primary/90` is a custom class, make sure it is defined within a `@layer` directive.',
  file: 'D:\\eclassroom_day2\\frontend\\src\\index.css',
  source: '@tailwind base;\n' +
    '@tailwind components;\n' +
    '@tailwind utilities;\n' +
    '\n' +
    '@layer base {\n' +
    '  :root {\n' +
    '    /* Base Radius */\n' +
    '    --radius: 1.5rem;\n' +
    '    --radius-xs: 6px;\n' +
    '    --radius-sm: calc(var(--radius) - 4px);\n' +
    '    --radius-md: calc(var(--radius) - 2px);\n' +
    '    --radius-lg: var(--radius);\n' +
    '    --radius-xl: 40px;\n' +
    '    --radius-pill: 9999px;\n' +
    '\n' +
    '    /* Colors - Light Mode */\n' +
    '    --color-background: #FFFFFF;\n' +
    '    --color-foreground: #2A2933;\n' +
    '\n' +
    '    --color-card: #FFFFFF;\n' +
    '    --color-card-foreground: #2A2933;\n' +
    '\n' +
    '    --color-popover: #FFFFFF;\n' +
    '    --color-popover-foreground: #2A2933;\n' +
    '\n' +
    '    --color-primary: #5749F4;\n' +
    '    --color-primary-foreground: #FFFFFF;\n' +
    '\n' +
    '    --color-secondary: #D9D9DB;\n' +
    '    --color-secondary-foreground: #2A2933;\n' +
    '\n' +
    '    --color-muted: #F5F5F5;\n' +
    '    --color-muted-foreground: #616167;\n' +
    '\n' +
    '    --color-accent: #F5F5F5;\n' +
    '    --color-accent-foreground: #2A2933;\n' +
    '\n' +
    '    --color-destructive: #CC3314;\n' +
    '    --color-destructive-foreground: #FFFFFF;\n' +
    '\n' +
    '    --color-border: #C5C5CB;\n' +
    '    --color-input: #C5C5CB;\n' +
    '    --color-ring: #5749F4;\n' +
    '\n' +
    '    /* Semantic Colors */\n' +
    '    --color-success: #A1E5A1;\n' +
    '    --color-success-foreground: #003300;\n' +
    '    --color-warning: #FFD9B2;\n' +
    '    --color-warning-foreground: #4D2700;\n' +
    '    --color-error: #FFBFB2;\n' +
    '    --color-error-foreground: #590F00;\n' +
    '    --color-info: #C9D6F0;\n' +
    '    --color-info-foreground: #001133;\n' +
    '\n' +
    '    /* Custom Brand Colors for legacy support */\n' +
    '    --color-gold: #D4AF37;\n' +
    '    --color-gold-foreground: #FFFFFF;\n' +
    '  }\n' +
    '\n' +
    '  * { box-sizing: border-box; border-color: var(--color-border); }\n' +
    '\n' +
    '  html {\n' +
    '    -webkit-font-smoothing: antialiased;\n' +
    '    -moz-osx-font-smoothing: grayscale;\n' +
    '  }\n' +
    '\n' +
    '  body {\n' +
    "    font-family: 'Inter', system-ui, sans-serif;\n" +
    '    color: var(--color-foreground);\n' +
    '    background: var(--color-background);\n' +
    '    line-height: 1.55;\n' +
    '  }\n' +
    '\n' +
    '  /* Remove default button styles */\n' +
    '  button { font-family: inherit; }\n' +
    '\n' +
    '  /* Custom scrollbar */\n' +
    '  ::-webkit-scrollbar { width: 6px; height: 6px; }\n' +
    '  ::-webkit-scrollbar-track { background: transparent; }\n' +
    '  ::-webkit-scrollbar-thumb { background: var(--color-border); border-radius: 99px; }\n' +
    '  ::-webkit-scrollbar-thumb:hover { background: var(--color-muted-foreground); }\n' +
    '}\n' +
    '\n' +
    '@layer components {\n' +
    '  /* ── Primary button ── */\n' +
    '  .btn-primary {\n' +
    '    @apply inline-flex items-center justify-center gap-2\n' +
    '           px-5 py-2.5 rounded-lg font-body font-medium text-sm\n' +
    '           bg-primary text-primary-foreground\n' +
    '           hover:bg-primary/90 active:scale-[0.98]\n' +
    '           transition-all duration-150\n' +
    '           disabled:opacity-50 disabled:cursor-not-allowed disabled:pointer-events-none;\n' +
    '  }\n' +
    '\n' +
    '  /* ── Ghost button ── */\n' +
    '  .btn-ghost {\n' +
    '    @apply inline-flex items-center justify-center gap-2\n' +
    '           px-5 py-2.5 rounded-lg font-body font-medium text-sm\n' +
    '           text-muted-foreground border border-border\n' +
    '           hover:border-primary hover:text-primary active:scale-[0.98]\n' +
    '           transition-all duration-150;\n' +
    '  }\n' +
    '\n' +
    '  /* ── Card ── */\n' +
    '  .card {\n' +
    '    @apply bg-card text-card-foreground rounded-2xl shadow-card border border-border;\n' +
    '  }\n' +
    '\n' +
    '  /* ── Input ── */\n' +
    '  .input {\n' +
    '    @apply w-full px-4 py-2.5 rounded-lg border border-input\n' +
    '           bg-background text-foreground text-sm font-body\n' +
    '           placeholder:text-muted-foreground\n' +
    '           focus:outline-none focus:ring-2 focus:ring-ring/30 focus:border-ring\n' +
    '           transition-colors duration-150\n' +
    '           disabled:bg-muted disabled:cursor-not-allowed;\n' +
    '  }\n' +
    '\n' +
    '  /* ── Label ── */\n' +
    '  .label {\n' +
    '    @apply block text-xs font-medium text-muted-foreground mb-1.5 tracking-wide uppercase;\n' +
    '  }\n' +
    '\n' +
    '  /* ── Badge ── */\n' +
    '  .badge {\n' +
    '    @apply inline-flex items-center px-2 py-0.5 rounded-full text-xs font-medium;\n' +
    '  }\n' +
    '\n' +
    '  /* ── Sidebar nav link ── */\n' +
    '  .nav-link {\n' +
    '    @apply flex items-center gap-3 px-3 py-2.5 rounded-xl text-sm font-medium\n' +
    '           text-muted-foreground\n' +
    '           hover:bg-accent hover:text-accent-foreground\n' +
    '           transition-all duration-150;\n' +
    '  }\n' +
    '  .nav-link.active {\n' +
    '    @apply bg-primary/10 text-primary;\n' +
    '  }\n' +
    '}\n',
  line: 87,
  column: 5,
  endLine: 92,
  endColumn: 89,
  input: {
    column: 5,
    endColumn: 89,
    endLine: 92,
    endOffset: 2540,
    line: 87,
    offset: 2199,
    source: '@tailwind base;\n' +
      '@tailwind components;\n' +
      '@tailwind utilities;\n' +
      '\n' +
      '@layer base {\n' +
      '  :root {\n' +
      '    /* Base Radius */\n' +
      '    --radius: 1.5rem;\n' +
      '    --radius-xs: 6px;\n' +
      '    --radius-sm: calc(var(--radius) - 4px);\n' +
      '    --radius-md: calc(var(--radius) - 2px);\n' +
      '    --radius-lg: var(--radius);\n' +
      '    --radius-xl: 40px;\n' +
      '    --radius-pill: 9999px;\n' +
      '\n' +
      '    /* Colors - Light Mode */\n' +
      '    --color-background: #FFFFFF;\n' +
      '    --color-foreground: #2A2933;\n' +
      '\n' +
      '    --color-card: #FFFFFF;\n' +
      '    --color-card-foreground: #2A2933;\n' +
      '\n' +
      '    --color-popover: #FFFFFF;\n' +
      '    --color-popover-foreground: #2A2933;\n' +
      '\n' +
      '    --color-primary: #5749F4;\n' +
      '    --color-primary-foreground: #FFFFFF;\n' +
      '\n' +
      '    --color-secondary: #D9D9DB;\n' +
      '    --color-secondary-foreground: #2A2933;\n' +
      '\n' +
      '    --color-muted: #F5F5F5;\n' +
      '    --color-muted-foreground: #616167;\n' +
      '\n' +
      '    --color-accent: #F5F5F5;\n' +
      '    --color-accent-foreground: #2A2933;\n' +
      '\n' +
      '    --color-destructive: #CC3314;\n' +
      '    --color-destructive-foreground: #FFFFFF;\n' +
      '\n' +
      '    --color-border: #C5C5CB;\n' +
      '    --color-input: #C5C5CB;\n' +
      '    --color-ring: #5749F4;\n' +
      '\n' +
      '    /* Semantic Colors */\n' +
      '    --color-success: #A1E5A1;\n' +
      '    --color-success-foreground: #003300;\n' +
      '    --color-warning: #FFD9B2;\n' +
      '    --color-warning-foreground: #4D2700;\n' +
      '    --color-error: #FFBFB2;\n' +
      '    --color-error-foreground: #590F00;\n' +
      '    --color-info: #C9D6F0;\n' +
      '    --color-info-foreground: #001133;\n' +
      '\n' +
      '    /* Custom Brand Colors for legacy support */\n' +
      '    --color-gold: #D4AF37;\n' +
      '    --color-gold-foreground: #FFFFFF;\n' +
      '  }\n' +
      '\n' +
      '  * { box-sizing: border-box; border-color: var(--color-border); }\n' +
      '\n' +
      '  html {\n' +
      '    -webkit-font-smoothing: antialiased;\n' +
      '    -moz-osx-font-smoothing: grayscale;\n' +
      '  }\n' +
      '\n' +
      '  body {\n' +
      "    font-family: 'Inter', system-ui, sans-serif;\n" +
      '    color: var(--color-foreground);\n' +
      '    background: var(--color-background);\n' +
      '    line-height: 1.55;\n' +
      '  }\n' +
      '\n' +
      '  /* Remove default button styles */\n' +
      '  button { font-family: inherit; }\n' +
      '\n' +
      '  /* Custom scrollbar */\n' +
      '  ::-webkit-scrollbar { width: 6px; height: 6px; }\n' +
      '  ::-webkit-scrollbar-track { background: transparent; }\n' +
      '  ::-webkit-scrollbar-thumb { background: var(--color-border); border-radius: 99px; }\n' +
      '  ::-webkit-scrollbar-thumb:hover { background: var(--color-muted-foreground); }\n' +
      '}\n' +
      '\n' +
      '@layer components {\n' +
      '  /* ── Primary button ── */\n' +
      '  .btn-primary {\n' +
      '    @apply inline-flex items-center justify-center gap-2\n' +
      '           px-5 py-2.5 rounded-lg font-body font-medium text-sm\n' +
      '           bg-primary text-primary-foreground\n' +
      '           hover:bg-primary/90 active:scale-[0.98]\n' +
      '           transition-all duration-150\n' +
      '           disabled:opacity-50 disabled:cursor-not-allowed disabled:pointer-events-none;\n' +
      '  }\n' +
      '\n' +
      '  /* ── Ghost button ── */\n' +
      '  .btn-ghost {\n' +
      '    @apply inline-flex items-center justify-center gap-2\n' +
      '           px-5 py-2.5 rounded-lg font-body font-medium text-sm\n' +
      '           text-muted-foreground border border-border\n' +
      '           hover:border-primary hover:text-primary active:scale-[0.98]\n' +
      '           transition-all duration-150;\n' +
      '  }\n' +
      '\n' +
      '  /* ── Card ── */\n' +
      '  .card {\n' +
      '    @apply bg-card text-card-foreground rounded-2xl shadow-card border border-border;\n' +
      '  }\n' +
      '\n' +
      '  /* ── Input ── */\n' +
      '  .input {\n' +
      '    @apply w-full px-4 py-2.5 rounded-lg border border-input\n' +
      '           bg-background text-foreground text-sm font-body\n' +
      '           placeholder:text-muted-foreground\n' +
      '           focus:outline-none focus:ring-2 focus:ring-ring/30 focus:border-ring\n' +
      '           transition-colors duration-150\n' +
      '           disabled:bg-muted disabled:cursor-not-allowed;\n' +
      '  }\n' +
      '\n' +
      '  /* ── Label ── */\n' +
      '  .label {\n' +
      '    @apply block text-xs font-medium text-muted-foreground mb-1.5 tracking-wide uppercase;\n' +
      '  }\n' +
      '\n' +
      '  /* ── Badge ── */\n' +
      '  .badge {\n' +
      '    @apply inline-flex items-center px-2 py-0.5 rounded-full text-xs font-medium;\n' +
      '  }\n' +
      '\n' +
      '  /* ── Sidebar nav link ── */\n' +
      '  .nav-link {\n' +
      '    @apply flex items-center gap-3 px-3 py-2.5 rounded-xl text-sm font-medium\n' +
      '           text-muted-foreground\n' +
      '           hover:bg-accent hover:text-accent-foreground\n' +
      '           transition-all duration-150;\n' +
      '  }\n' +
      '  .nav-link.active {\n' +
      '    @apply bg-primary/10 text-primary;\n' +
      '  }\n' +
      '}\n',
    url: 'file:///D:/eclassroom_day2/frontend/src/index.css',
    file: 'D:\\eclassroom_day2\\frontend\\src\\index.css'
  },
  plugin: 'tailwindcss'
}
